[couchdb:info,2025-03-28T08:44:19.925Z,couchdb_ns_1@cb.local:couch_audit<0.320.0>:couch_log:info:30]Couch audit settings changed <ud>[{audit_enabled,false},{disabled_users,[]},{enabled_events,[]}]</ud>
[couchdb:info,2025-03-28T08:44:20.982Z,couchdb_ns_1@cb.local:couch_audit<0.320.0>:couch_log:info:30]Unable to connect to memcahced: {error,{badmatch,{error,econnrefused}}}.
[couchdb:error,2025-03-28T08:44:20.982Z,couchdb_ns_1@cb.local:couch_audit<0.320.0>:couch_log:error:33]Error in sending log messsage to memcached Reason: no_socket
[couchdb:info,2025-03-28T08:44:22.988Z,couchdb_ns_1@cb.local:couch_audit<0.320.0>:couch_log:info:30]Unable to connect to memcahced: {error,{badmatch,{error,econnrefused}}}.
[couchdb:error,2025-03-28T08:44:22.988Z,couchdb_ns_1@cb.local:couch_audit<0.320.0>:couch_log:error:33]Error in sending log messsage to memcached Reason: no_socket
[couchdb:info,2025-03-28T08:44:25.052Z,couchdb_ns_1@cb.local:couch_audit<0.320.0>:couch_log:info:30]Unable to connect to memcahced: {error,{badmatch,{error,econnrefused}}}.
[couchdb:error,2025-03-28T08:44:25.052Z,couchdb_ns_1@cb.local:couch_audit<0.320.0>:couch_log:error:33]Error in sending log messsage to memcached Reason: no_socket
[couchdb:info,2025-03-28T08:48:27.947Z,couchdb_ns_1@cb.local:couch_audit<0.326.0>:couch_log:info:30]Couch audit settings changed <ud>[{audit_enabled,false},{disabled_users,[]},{enabled_events,[]}]</ud>
[couchdb:info,2025-03-28T08:48:29.035Z,couchdb_ns_1@cb.local:couch_audit<0.326.0>:couch_log:info:30]Unable to connect to memcahced: {error,{badmatch,{error,econnrefused}}}.
[couchdb:error,2025-03-28T08:48:29.035Z,couchdb_ns_1@cb.local:couch_audit<0.326.0>:couch_log:error:33]Error in sending log messsage to memcached Reason: no_socket
[couchdb:info,2025-03-28T08:48:31.045Z,couchdb_ns_1@cb.local:couch_audit<0.326.0>:couch_log:info:30]Unable to connect to memcahced: {error,{badmatch,{error,econnrefused}}}.
[couchdb:error,2025-03-28T08:48:31.045Z,couchdb_ns_1@cb.local:couch_audit<0.326.0>:couch_log:error:33]Error in sending log messsage to memcached Reason: no_socket
[couchdb:info,2025-03-28T08:48:36.103Z,couchdb_ns_1@cb.local:<0.511.0>:couch_log:info:30]Deleting couch file "/opt/couchbase/var/lib/couchbase/data/UsersBDD/master.couch.1.compact" with renaming it to "/opt/couchbase/var/lib/couchbase/data/.delete/d923f00e8e01b6882c8843868f009639"
[couchdb:info,2025-03-28T08:48:36.130Z,couchdb_ns_1@cb.local:<0.511.0>:couch_log:info:30]Deleting couch file "/opt/couchbase/var/lib/couchbase/data/UsersBDD/master.couch.1.compact" with renaming it to "/opt/couchbase/var/lib/couchbase/data/.delete/22af0eb38df5ef64467842b26f33e0f1"
[couchdb:info,2025-03-28T08:48:36.242Z,couchdb_ns_1@cb.local:couch_view<0.293.0>:couch_log:info:30]Deleting couch file "/opt/couchbase/var/lib/couchbase/data/.UsersBDD/master_temp" with renaming it to "/opt/couchbase/var/lib/couchbase/data/.delete/a4cb7901e2af9d759ff3b8b72aa1ae1b"
[couchdb:info,2025-03-28T08:48:36.257Z,couchdb_ns_1@cb.local:couch_view<0.293.0>:couch_log:info:30]Deleting couch file "/opt/couchbase/var/lib/couchbase/data/.UsersBDD/master_temp" with renaming it to "/opt/couchbase/var/lib/couchbase/data/.delete/bc9f536b21abe922171ab2b685d5c33d"
[couchdb:info,2025-03-28T08:49:25.710Z,couchdb_ns_1@cb.local:couch_audit<0.348.0>:couch_log:info:30]Couch audit settings changed <ud>[{audit_enabled,false},{disabled_users,[]},{enabled_events,[]}]</ud>
[couchdb:info,2025-03-28T08:49:26.850Z,couchdb_ns_1@cb.local:couch_audit<0.348.0>:couch_log:info:30]Unable to connect to memcahced: {error,{badmatch,{error,econnrefused}}}.
[couchdb:error,2025-03-28T08:49:26.850Z,couchdb_ns_1@cb.local:couch_audit<0.348.0>:couch_log:error:33]Error in sending log messsage to memcached Reason: no_socket
[couchdb:info,2025-03-28T08:49:28.874Z,couchdb_ns_1@cb.local:couch_audit<0.348.0>:couch_log:info:30]Unable to connect to memcahced: {error,{badmatch,{error,econnrefused}}}.
[couchdb:error,2025-03-28T08:49:28.875Z,couchdb_ns_1@cb.local:couch_audit<0.348.0>:couch_log:error:33]Error in sending log messsage to memcached Reason: no_socket
[couchdb:info,2025-03-28T08:49:30.890Z,couchdb_ns_1@cb.local:couch_audit<0.348.0>:couch_log:info:30]Unable to connect to memcahced: {error,{badmatch,{error,econnrefused}}}.
[couchdb:error,2025-03-28T08:49:30.891Z,couchdb_ns_1@cb.local:couch_audit<0.348.0>:couch_log:error:33]Error in sending log messsage to memcached Reason: no_socket
[couchdb:info,2025-03-28T08:50:12.619Z,couchdb_ns_1@cb.local:couch_audit<0.324.0>:couch_log:info:30]Couch audit settings changed <ud>[{audit_enabled,false},{disabled_users,[]},{enabled_events,[]}]</ud>
[couchdb:info,2025-03-28T08:50:13.670Z,couchdb_ns_1@cb.local:couch_audit<0.324.0>:couch_log:info:30]Unable to connect to memcahced: {error,{badmatch,{error,econnrefused}}}.
[couchdb:error,2025-03-28T08:50:13.671Z,couchdb_ns_1@cb.local:couch_audit<0.324.0>:couch_log:error:33]Error in sending log messsage to memcached Reason: no_socket
[couchdb:info,2025-03-28T08:50:15.676Z,couchdb_ns_1@cb.local:couch_audit<0.324.0>:couch_log:info:30]Unable to connect to memcahced: {error,{badmatch,{error,econnrefused}}}.
[couchdb:error,2025-03-28T08:50:15.676Z,couchdb_ns_1@cb.local:couch_audit<0.324.0>:couch_log:error:33]Error in sending log messsage to memcached Reason: no_socket
[couchdb:info,2025-03-28T08:50:46.410Z,couchdb_ns_1@cb.local:couch_audit<0.306.0>:couch_log:info:30]Couch audit settings changed <ud>[{audit_enabled,false},{disabled_users,[]},{enabled_events,[]}]</ud>
[couchdb:info,2025-03-28T08:50:47.461Z,couchdb_ns_1@cb.local:couch_audit<0.306.0>:couch_log:info:30]Unable to connect to memcahced: {error,{badmatch,{error,econnrefused}}}.
[couchdb:error,2025-03-28T08:50:47.461Z,couchdb_ns_1@cb.local:couch_audit<0.306.0>:couch_log:error:33]Error in sending log messsage to memcached Reason: no_socket
[couchdb:info,2025-03-28T08:50:49.466Z,couchdb_ns_1@cb.local:couch_audit<0.306.0>:couch_log:info:30]Unable to connect to memcahced: {error,{badmatch,{error,econnrefused}}}.
[couchdb:error,2025-03-28T08:50:49.466Z,couchdb_ns_1@cb.local:couch_audit<0.306.0>:couch_log:error:33]Error in sending log messsage to memcached Reason: no_socket
[couchdb:info,2025-03-28T08:51:30.085Z,couchdb_ns_1@cb.local:couch_audit<0.326.0>:couch_log:info:30]Couch audit settings changed <ud>[{audit_enabled,false},{disabled_users,[]},{enabled_events,[]}]</ud>
[couchdb:info,2025-03-28T08:51:31.143Z,couchdb_ns_1@cb.local:couch_audit<0.326.0>:couch_log:info:30]Unable to connect to memcahced: {error,{badmatch,{error,econnrefused}}}.
[couchdb:error,2025-03-28T08:51:31.144Z,couchdb_ns_1@cb.local:couch_audit<0.326.0>:couch_log:error:33]Error in sending log messsage to memcached Reason: no_socket
[couchdb:info,2025-03-28T08:51:33.152Z,couchdb_ns_1@cb.local:couch_audit<0.326.0>:couch_log:info:30]Unable to connect to memcahced: {error,{badmatch,{error,econnrefused}}}.
[couchdb:error,2025-03-28T08:51:33.152Z,couchdb_ns_1@cb.local:couch_audit<0.326.0>:couch_log:error:33]Error in sending log messsage to memcached Reason: no_socket
[couchdb:info,2025-03-28T08:52:31.515Z,couchdb_ns_1@cb.local:couch_audit<0.304.0>:couch_log:info:30]Couch audit settings changed <ud>[{audit_enabled,false},{disabled_users,[]},{enabled_events,[]}]</ud>
[couchdb:info,2025-03-28T08:52:32.561Z,couchdb_ns_1@cb.local:couch_audit<0.304.0>:couch_log:info:30]Unable to connect to memcahced: {error,{badmatch,{error,econnrefused}}}.
[couchdb:error,2025-03-28T08:52:32.562Z,couchdb_ns_1@cb.local:couch_audit<0.304.0>:couch_log:error:33]Error in sending log messsage to memcached Reason: no_socket
[couchdb:info,2025-03-28T08:52:34.572Z,couchdb_ns_1@cb.local:couch_audit<0.304.0>:couch_log:info:30]Unable to connect to memcahced: {error,{badmatch,{error,econnrefused}}}.
[couchdb:error,2025-03-28T08:52:34.572Z,couchdb_ns_1@cb.local:couch_audit<0.304.0>:couch_log:error:33]Error in sending log messsage to memcached Reason: no_socket
[couchdb:info,2025-03-28T08:53:15.377Z,couchdb_ns_1@cb.local:couch_audit<0.308.0>:couch_log:info:30]Couch audit settings changed <ud>[{audit_enabled,false},{disabled_users,[]},{enabled_events,[]}]</ud>
[couchdb:info,2025-03-28T08:53:16.421Z,couchdb_ns_1@cb.local:couch_audit<0.308.0>:couch_log:info:30]Unable to connect to memcahced: {error,{badmatch,{error,econnrefused}}}.
[couchdb:error,2025-03-28T08:53:16.421Z,couchdb_ns_1@cb.local:couch_audit<0.308.0>:couch_log:error:33]Error in sending log messsage to memcached Reason: no_socket
[couchdb:info,2025-03-28T08:53:18.426Z,couchdb_ns_1@cb.local:couch_audit<0.308.0>:couch_log:info:30]Unable to connect to memcahced: {error,{badmatch,{error,econnrefused}}}.
[couchdb:error,2025-03-28T08:53:18.426Z,couchdb_ns_1@cb.local:couch_audit<0.308.0>:couch_log:error:33]Error in sending log messsage to memcached Reason: no_socket
[couchdb:info,2025-03-28T08:53:58.786Z,couchdb_ns_1@cb.local:couch_audit<0.302.0>:couch_log:info:30]Couch audit settings changed <ud>[{audit_enabled,false},{disabled_users,[]},{enabled_events,[]}]</ud>
[couchdb:info,2025-03-28T08:53:59.846Z,couchdb_ns_1@cb.local:couch_audit<0.302.0>:couch_log:info:30]Unable to connect to memcahced: {error,{badmatch,{error,econnrefused}}}.
[couchdb:error,2025-03-28T08:53:59.846Z,couchdb_ns_1@cb.local:couch_audit<0.302.0>:couch_log:error:33]Error in sending log messsage to memcached Reason: no_socket
[couchdb:info,2025-03-28T08:54:01.852Z,couchdb_ns_1@cb.local:couch_audit<0.302.0>:couch_log:info:30]Unable to connect to memcahced: {error,{badmatch,{error,econnrefused}}}.
[couchdb:error,2025-03-28T08:54:01.852Z,couchdb_ns_1@cb.local:couch_audit<0.302.0>:couch_log:error:33]Error in sending log messsage to memcached Reason: no_socket
[couchdb:info,2025-03-28T08:54:41.006Z,couchdb_ns_1@cb.local:couch_audit<0.306.0>:couch_log:info:30]Couch audit settings changed <ud>[{audit_enabled,false},{disabled_users,[]},{enabled_events,[]}]</ud>
[couchdb:info,2025-03-28T08:54:42.084Z,couchdb_ns_1@cb.local:couch_audit<0.306.0>:couch_log:info:30]Unable to connect to memcahced: {error,{badmatch,{error,econnrefused}}}.
[couchdb:error,2025-03-28T08:54:42.084Z,couchdb_ns_1@cb.local:couch_audit<0.306.0>:couch_log:error:33]Error in sending log messsage to memcached Reason: no_socket
[couchdb:info,2025-03-28T08:54:44.099Z,couchdb_ns_1@cb.local:couch_audit<0.306.0>:couch_log:info:30]Unable to connect to memcahced: {error,{badmatch,{error,econnrefused}}}.
[couchdb:error,2025-03-28T08:54:44.100Z,couchdb_ns_1@cb.local:couch_audit<0.306.0>:couch_log:error:33]Error in sending log messsage to memcached Reason: no_socket
[couchdb:info,2025-03-28T08:55:36.934Z,couchdb_ns_1@cb.local:couch_audit<0.314.0>:couch_log:info:30]Couch audit settings changed <ud>[{audit_enabled,false},{disabled_users,[]},{enabled_events,[]}]</ud>
[couchdb:info,2025-03-28T08:55:37.992Z,couchdb_ns_1@cb.local:couch_audit<0.314.0>:couch_log:info:30]Unable to connect to memcahced: {error,{badmatch,{error,econnrefused}}}.
[couchdb:error,2025-03-28T08:55:37.992Z,couchdb_ns_1@cb.local:couch_audit<0.314.0>:couch_log:error:33]Error in sending log messsage to memcached Reason: no_socket
[couchdb:info,2025-03-28T08:55:40.011Z,couchdb_ns_1@cb.local:couch_audit<0.314.0>:couch_log:info:30]Unable to connect to memcahced: {error,{badmatch,{error,econnrefused}}}.
[couchdb:error,2025-03-28T08:55:40.011Z,couchdb_ns_1@cb.local:couch_audit<0.314.0>:couch_log:error:33]Error in sending log messsage to memcached Reason: no_socket
[couchdb:info,2025-03-28T08:55:42.020Z,couchdb_ns_1@cb.local:couch_audit<0.314.0>:couch_log:info:30]Unable to connect to memcahced: {error,{badmatch,{error,econnrefused}}}.
[couchdb:error,2025-03-28T08:55:42.020Z,couchdb_ns_1@cb.local:couch_audit<0.314.0>:couch_log:error:33]Error in sending log messsage to memcached Reason: no_socket
[couchdb:info,2025-03-28T08:55:44.041Z,couchdb_ns_1@cb.local:couch_audit<0.314.0>:couch_log:info:30]Unable to connect to memcahced: {error,{badmatch,{error,econnrefused}}}.
[couchdb:error,2025-03-28T08:55:44.041Z,couchdb_ns_1@cb.local:couch_audit<0.314.0>:couch_log:error:33]Error in sending log messsage to memcached Reason: no_socket
[couchdb:info,2025-03-28T08:56:23.548Z,couchdb_ns_1@cb.local:couch_audit<0.306.0>:couch_log:info:30]Couch audit settings changed <ud>[{audit_enabled,false},{disabled_users,[]},{enabled_events,[]}]</ud>
[couchdb:info,2025-03-28T08:56:24.593Z,couchdb_ns_1@cb.local:couch_audit<0.306.0>:couch_log:info:30]Unable to connect to memcahced: {error,{badmatch,{error,econnrefused}}}.
[couchdb:error,2025-03-28T08:56:24.593Z,couchdb_ns_1@cb.local:couch_audit<0.306.0>:couch_log:error:33]Error in sending log messsage to memcached Reason: no_socket
[couchdb:info,2025-03-28T08:56:26.613Z,couchdb_ns_1@cb.local:couch_audit<0.306.0>:couch_log:info:30]Unable to connect to memcahced: {error,{badmatch,{error,econnrefused}}}.
[couchdb:error,2025-03-28T08:56:26.614Z,couchdb_ns_1@cb.local:couch_audit<0.306.0>:couch_log:error:33]Error in sending log messsage to memcached Reason: no_socket
[couchdb:info,2025-03-28T08:58:02.829Z,couchdb_ns_1@cb.local:couch_audit<0.316.0>:couch_log:info:30]Couch audit settings changed <ud>[{audit_enabled,false},{disabled_users,[]},{enabled_events,[]}]</ud>
[couchdb:info,2025-03-28T08:58:03.878Z,couchdb_ns_1@cb.local:couch_audit<0.316.0>:couch_log:info:30]Unable to connect to memcahced: {error,{badmatch,{error,econnrefused}}}.
[couchdb:error,2025-03-28T08:58:03.879Z,couchdb_ns_1@cb.local:couch_audit<0.316.0>:couch_log:error:33]Error in sending log messsage to memcached Reason: no_socket
[couchdb:info,2025-03-28T08:58:05.883Z,couchdb_ns_1@cb.local:couch_audit<0.316.0>:couch_log:info:30]Unable to connect to memcahced: {error,{badmatch,{error,econnrefused}}}.
[couchdb:error,2025-03-28T08:58:05.883Z,couchdb_ns_1@cb.local:couch_audit<0.316.0>:couch_log:error:33]Error in sending log messsage to memcached Reason: no_socket
[couchdb:info,2025-03-28T08:59:01.987Z,couchdb_ns_1@cb.local:couch_audit<0.314.0>:couch_log:info:30]Couch audit settings changed <ud>[{audit_enabled,false},{disabled_users,[]},{enabled_events,[]}]</ud>
[couchdb:info,2025-03-28T08:59:03.037Z,couchdb_ns_1@cb.local:couch_audit<0.314.0>:couch_log:info:30]Unable to connect to memcahced: {error,{badmatch,{error,econnrefused}}}.
[couchdb:error,2025-03-28T08:59:03.037Z,couchdb_ns_1@cb.local:couch_audit<0.314.0>:couch_log:error:33]Error in sending log messsage to memcached Reason: no_socket
[couchdb:info,2025-03-28T08:59:05.046Z,couchdb_ns_1@cb.local:couch_audit<0.314.0>:couch_log:info:30]Unable to connect to memcahced: {error,{badmatch,{error,econnrefused}}}.
[couchdb:error,2025-03-28T08:59:05.047Z,couchdb_ns_1@cb.local:couch_audit<0.314.0>:couch_log:error:33]Error in sending log messsage to memcached Reason: no_socket
[couchdb:info,2025-03-28T08:59:30.638Z,couchdb_ns_1@cb.local:couch_audit<0.300.0>:couch_log:info:30]Couch audit settings changed <ud>[{audit_enabled,false},{disabled_users,[]},{enabled_events,[]}]</ud>
[couchdb:info,2025-03-28T08:59:31.678Z,couchdb_ns_1@cb.local:couch_audit<0.300.0>:couch_log:info:30]Unable to connect to memcahced: {error,{badmatch,{error,econnrefused}}}.
[couchdb:error,2025-03-28T08:59:31.678Z,couchdb_ns_1@cb.local:couch_audit<0.300.0>:couch_log:error:33]Error in sending log messsage to memcached Reason: no_socket
[couchdb:info,2025-03-28T08:59:33.682Z,couchdb_ns_1@cb.local:couch_audit<0.300.0>:couch_log:info:30]Unable to connect to memcahced: {error,{badmatch,{error,econnrefused}}}.
[couchdb:error,2025-03-28T08:59:33.682Z,couchdb_ns_1@cb.local:couch_audit<0.300.0>:couch_log:error:33]Error in sending log messsage to memcached Reason: no_socket
[couchdb:info,2025-03-28T09:00:16.534Z,couchdb_ns_1@cb.local:couch_audit<0.308.0>:couch_log:info:30]Couch audit settings changed <ud>[{audit_enabled,false},{disabled_users,[]},{enabled_events,[]}]</ud>
[couchdb:info,2025-03-28T09:00:17.578Z,couchdb_ns_1@cb.local:couch_audit<0.308.0>:couch_log:info:30]Unable to connect to memcahced: {error,{badmatch,{error,econnrefused}}}.
[couchdb:error,2025-03-28T09:00:17.578Z,couchdb_ns_1@cb.local:couch_audit<0.308.0>:couch_log:error:33]Error in sending log messsage to memcached Reason: no_socket
[couchdb:info,2025-03-28T09:00:19.591Z,couchdb_ns_1@cb.local:couch_audit<0.308.0>:couch_log:info:30]Unable to connect to memcahced: {error,{badmatch,{error,econnrefused}}}.
[couchdb:error,2025-03-28T09:00:19.592Z,couchdb_ns_1@cb.local:couch_audit<0.308.0>:couch_log:error:33]Error in sending log messsage to memcached Reason: no_socket
[couchdb:info,2025-03-28T09:00:59.478Z,couchdb_ns_1@cb.local:couch_audit<0.310.0>:couch_log:info:30]Couch audit settings changed <ud>[{audit_enabled,false},{disabled_users,[]},{enabled_events,[]}]</ud>
[couchdb:info,2025-03-28T09:01:00.536Z,couchdb_ns_1@cb.local:couch_audit<0.310.0>:couch_log:info:30]Unable to connect to memcahced: {error,{badmatch,{error,econnrefused}}}.
[couchdb:error,2025-03-28T09:01:00.536Z,couchdb_ns_1@cb.local:couch_audit<0.310.0>:couch_log:error:33]Error in sending log messsage to memcached Reason: no_socket
[couchdb:info,2025-03-28T09:01:02.542Z,couchdb_ns_1@cb.local:couch_audit<0.310.0>:couch_log:info:30]Unable to connect to memcahced: {error,{badmatch,{error,econnrefused}}}.
[couchdb:error,2025-03-28T09:01:02.542Z,couchdb_ns_1@cb.local:couch_audit<0.310.0>:couch_log:error:33]Error in sending log messsage to memcached Reason: no_socket
[couchdb:info,2025-03-28T09:01:47.371Z,couchdb_ns_1@cb.local:couch_audit<0.304.0>:couch_log:info:30]Couch audit settings changed <ud>[{audit_enabled,false},{disabled_users,[]},{enabled_events,[]}]</ud>
[couchdb:info,2025-03-28T09:01:48.422Z,couchdb_ns_1@cb.local:couch_audit<0.304.0>:couch_log:info:30]Unable to connect to memcahced: {error,{badmatch,{error,econnrefused}}}.
[couchdb:error,2025-03-28T09:01:48.423Z,couchdb_ns_1@cb.local:couch_audit<0.304.0>:couch_log:error:33]Error in sending log messsage to memcached Reason: no_socket
[couchdb:info,2025-03-28T09:01:50.429Z,couchdb_ns_1@cb.local:couch_audit<0.304.0>:couch_log:info:30]Unable to connect to memcahced: {error,{badmatch,{error,econnrefused}}}.
[couchdb:error,2025-03-28T09:01:50.430Z,couchdb_ns_1@cb.local:couch_audit<0.304.0>:couch_log:error:33]Error in sending log messsage to memcached Reason: no_socket
[couchdb:info,2025-03-28T09:02:24.404Z,couchdb_ns_1@cb.local:couch_audit<0.300.0>:couch_log:info:30]Couch audit settings changed <ud>[{audit_enabled,false},{disabled_users,[]},{enabled_events,[]}]</ud>
[couchdb:info,2025-03-28T09:02:25.444Z,couchdb_ns_1@cb.local:couch_audit<0.300.0>:couch_log:info:30]Unable to connect to memcahced: {error,{badmatch,{error,econnrefused}}}.
[couchdb:error,2025-03-28T09:02:25.445Z,couchdb_ns_1@cb.local:couch_audit<0.300.0>:couch_log:error:33]Error in sending log messsage to memcached Reason: no_socket
[couchdb:info,2025-03-28T09:03:18.063Z,couchdb_ns_1@cb.local:couch_audit<0.304.0>:couch_log:info:30]Couch audit settings changed <ud>[{audit_enabled,false},{disabled_users,[]},{enabled_events,[]}]</ud>
[couchdb:info,2025-03-28T09:03:19.111Z,couchdb_ns_1@cb.local:couch_audit<0.304.0>:couch_log:info:30]Unable to connect to memcahced: {error,{badmatch,{error,econnrefused}}}.
[couchdb:error,2025-03-28T09:03:19.111Z,couchdb_ns_1@cb.local:couch_audit<0.304.0>:couch_log:error:33]Error in sending log messsage to memcached Reason: no_socket
[couchdb:info,2025-03-28T09:03:21.115Z,couchdb_ns_1@cb.local:couch_audit<0.304.0>:couch_log:info:30]Unable to connect to memcahced: {error,{badmatch,{error,econnrefused}}}.
[couchdb:error,2025-03-28T09:03:21.115Z,couchdb_ns_1@cb.local:couch_audit<0.304.0>:couch_log:error:33]Error in sending log messsage to memcached Reason: no_socket
[couchdb:info,2025-03-28T09:03:56.496Z,couchdb_ns_1@cb.local:couch_audit<0.304.0>:couch_log:info:30]Couch audit settings changed <ud>[{audit_enabled,false},{disabled_users,[]},{enabled_events,[]}]</ud>
[couchdb:info,2025-03-28T09:03:57.540Z,couchdb_ns_1@cb.local:couch_audit<0.304.0>:couch_log:info:30]Unable to connect to memcahced: {error,{badmatch,{error,econnrefused}}}.
[couchdb:error,2025-03-28T09:03:57.540Z,couchdb_ns_1@cb.local:couch_audit<0.304.0>:couch_log:error:33]Error in sending log messsage to memcached Reason: no_socket
[couchdb:info,2025-03-28T09:03:59.545Z,couchdb_ns_1@cb.local:couch_audit<0.304.0>:couch_log:info:30]Unable to connect to memcahced: {error,{badmatch,{error,econnrefused}}}.
[couchdb:error,2025-03-28T09:03:59.545Z,couchdb_ns_1@cb.local:couch_audit<0.304.0>:couch_log:error:33]Error in sending log messsage to memcached Reason: no_socket
[couchdb:info,2025-03-28T09:04:37.911Z,couchdb_ns_1@cb.local:couch_audit<0.304.0>:couch_log:info:30]Couch audit settings changed <ud>[{audit_enabled,false},{disabled_users,[]},{enabled_events,[]}]</ud>
[couchdb:info,2025-03-28T09:04:38.955Z,couchdb_ns_1@cb.local:couch_audit<0.304.0>:couch_log:info:30]Unable to connect to memcahced: {error,{badmatch,{error,econnrefused}}}.
[couchdb:error,2025-03-28T09:04:38.955Z,couchdb_ns_1@cb.local:couch_audit<0.304.0>:couch_log:error:33]Error in sending log messsage to memcached Reason: no_socket
[couchdb:info,2025-03-28T09:04:40.995Z,couchdb_ns_1@cb.local:couch_audit<0.304.0>:couch_log:info:30]Unable to connect to memcahced: {error,{badmatch,{error,econnrefused}}}.
[couchdb:error,2025-03-28T09:04:40.995Z,couchdb_ns_1@cb.local:couch_audit<0.304.0>:couch_log:error:33]Error in sending log messsage to memcached Reason: no_socket
[couchdb:info,2025-03-28T09:05:25.977Z,couchdb_ns_1@cb.local:couch_audit<0.310.0>:couch_log:info:30]Couch audit settings changed <ud>[{audit_enabled,false},{disabled_users,[]},{enabled_events,[]}]</ud>
[couchdb:info,2025-03-28T09:05:27.026Z,couchdb_ns_1@cb.local:couch_audit<0.310.0>:couch_log:info:30]Unable to connect to memcahced: {error,{badmatch,{error,econnrefused}}}.
[couchdb:error,2025-03-28T09:05:27.026Z,couchdb_ns_1@cb.local:couch_audit<0.310.0>:couch_log:error:33]Error in sending log messsage to memcached Reason: no_socket
[couchdb:info,2025-03-28T09:05:29.035Z,couchdb_ns_1@cb.local:couch_audit<0.310.0>:couch_log:info:30]Unable to connect to memcahced: {error,{badmatch,{error,econnrefused}}}.
[couchdb:error,2025-03-28T09:05:29.035Z,couchdb_ns_1@cb.local:couch_audit<0.310.0>:couch_log:error:33]Error in sending log messsage to memcached Reason: no_socket
[couchdb:info,2025-03-28T09:06:35.579Z,couchdb_ns_1@cb.local:couch_audit<0.310.0>:couch_log:info:30]Couch audit settings changed <ud>[{audit_enabled,false},{disabled_users,[]},{enabled_events,[]}]</ud>
[couchdb:info,2025-03-28T09:06:36.621Z,couchdb_ns_1@cb.local:couch_audit<0.310.0>:couch_log:info:30]Unable to connect to memcahced: {error,{badmatch,{error,econnrefused}}}.
[couchdb:error,2025-03-28T09:06:36.621Z,couchdb_ns_1@cb.local:couch_audit<0.310.0>:couch_log:error:33]Error in sending log messsage to memcached Reason: no_socket
[couchdb:info,2025-03-28T09:06:38.628Z,couchdb_ns_1@cb.local:couch_audit<0.310.0>:couch_log:info:30]Unable to connect to memcahced: {error,{badmatch,{error,econnrefused}}}.
[couchdb:error,2025-03-28T09:06:38.629Z,couchdb_ns_1@cb.local:couch_audit<0.310.0>:couch_log:error:33]Error in sending log messsage to memcached Reason: no_socket
[couchdb:info,2025-03-28T09:06:40.651Z,couchdb_ns_1@cb.local:couch_audit<0.310.0>:couch_log:info:30]Unable to connect to memcahced: {error,{badmatch,{error,econnrefused}}}.
[couchdb:error,2025-03-28T09:06:40.652Z,couchdb_ns_1@cb.local:couch_audit<0.310.0>:couch_log:error:33]Error in sending log messsage to memcached Reason: no_socket
[couchdb:info,2025-03-28T09:07:26.099Z,couchdb_ns_1@cb.local:couch_audit<0.302.0>:couch_log:info:30]Couch audit settings changed <ud>[{audit_enabled,false},{disabled_users,[]},{enabled_events,[]}]</ud>
[couchdb:info,2025-03-28T09:07:27.196Z,couchdb_ns_1@cb.local:couch_audit<0.302.0>:couch_log:info:30]Unable to connect to memcahced: {error,{badmatch,{error,econnrefused}}}.
[couchdb:error,2025-03-28T09:07:27.196Z,couchdb_ns_1@cb.local:couch_audit<0.302.0>:couch_log:error:33]Error in sending log messsage to memcached Reason: no_socket
[couchdb:info,2025-03-28T09:07:29.205Z,couchdb_ns_1@cb.local:couch_audit<0.302.0>:couch_log:info:30]Unable to connect to memcahced: {error,{badmatch,{error,econnrefused}}}.
[couchdb:error,2025-03-28T09:07:29.207Z,couchdb_ns_1@cb.local:couch_audit<0.302.0>:couch_log:error:33]Error in sending log messsage to memcached Reason: no_socket
[couchdb:info,2025-03-28T09:08:05.568Z,couchdb_ns_1@cb.local:couch_audit<0.312.0>:couch_log:info:30]Couch audit settings changed <ud>[{audit_enabled,false},{disabled_users,[]},{enabled_events,[]}]</ud>
[couchdb:info,2025-03-28T09:08:06.622Z,couchdb_ns_1@cb.local:couch_audit<0.312.0>:couch_log:info:30]Unable to connect to memcahced: {error,{badmatch,{error,econnrefused}}}.
[couchdb:error,2025-03-28T09:08:06.622Z,couchdb_ns_1@cb.local:couch_audit<0.312.0>:couch_log:error:33]Error in sending log messsage to memcached Reason: no_socket
[couchdb:info,2025-03-28T09:08:08.632Z,couchdb_ns_1@cb.local:couch_audit<0.312.0>:couch_log:info:30]Unable to connect to memcahced: {error,{badmatch,{error,econnrefused}}}.
[couchdb:error,2025-03-28T09:08:08.632Z,couchdb_ns_1@cb.local:couch_audit<0.312.0>:couch_log:error:33]Error in sending log messsage to memcached Reason: no_socket
[couchdb:info,2025-03-28T09:08:46.917Z,couchdb_ns_1@cb.local:couch_audit<0.302.0>:couch_log:info:30]Couch audit settings changed <ud>[{audit_enabled,false},{disabled_users,[]},{enabled_events,[]}]</ud>
[couchdb:info,2025-03-28T09:08:47.962Z,couchdb_ns_1@cb.local:couch_audit<0.302.0>:couch_log:info:30]Unable to connect to memcahced: {error,{badmatch,{error,econnrefused}}}.
[couchdb:error,2025-03-28T09:08:47.962Z,couchdb_ns_1@cb.local:couch_audit<0.302.0>:couch_log:error:33]Error in sending log messsage to memcached Reason: no_socket
[couchdb:info,2025-03-28T09:08:49.967Z,couchdb_ns_1@cb.local:couch_audit<0.302.0>:couch_log:info:30]Unable to connect to memcahced: {error,{badmatch,{error,econnrefused}}}.
[couchdb:error,2025-03-28T09:08:49.967Z,couchdb_ns_1@cb.local:couch_audit<0.302.0>:couch_log:error:33]Error in sending log messsage to memcached Reason: no_socket
[couchdb:info,2025-03-28T09:08:51.973Z,couchdb_ns_1@cb.local:couch_audit<0.302.0>:couch_log:info:30]Unable to connect to memcahced: {error,{badmatch,{error,econnrefused}}}.
[couchdb:error,2025-03-28T09:08:51.973Z,couchdb_ns_1@cb.local:couch_audit<0.302.0>:couch_log:error:33]Error in sending log messsage to memcached Reason: no_socket
[couchdb:info,2025-03-28T09:09:38.033Z,couchdb_ns_1@cb.local:couch_audit<0.316.0>:couch_log:info:30]Couch audit settings changed <ud>[{audit_enabled,false},{disabled_users,[]},{enabled_events,[]}]</ud>
[couchdb:info,2025-03-28T09:09:39.098Z,couchdb_ns_1@cb.local:couch_audit<0.316.0>:couch_log:info:30]Unable to connect to memcahced: {error,{badmatch,{error,econnrefused}}}.
[couchdb:error,2025-03-28T09:09:39.098Z,couchdb_ns_1@cb.local:couch_audit<0.316.0>:couch_log:error:33]Error in sending log messsage to memcached Reason: no_socket
[couchdb:info,2025-03-28T09:10:31.793Z,couchdb_ns_1@cb.local:couch_audit<0.310.0>:couch_log:info:30]Couch audit settings changed <ud>[{audit_enabled,false},{disabled_users,[]},{enabled_events,[]}]</ud>
[couchdb:info,2025-03-28T09:10:32.841Z,couchdb_ns_1@cb.local:couch_audit<0.310.0>:couch_log:info:30]Unable to connect to memcahced: {error,{badmatch,{error,econnrefused}}}.
[couchdb:error,2025-03-28T09:10:32.841Z,couchdb_ns_1@cb.local:couch_audit<0.310.0>:couch_log:error:33]Error in sending log messsage to memcached Reason: no_socket
[couchdb:info,2025-03-28T09:10:34.866Z,couchdb_ns_1@cb.local:couch_audit<0.310.0>:couch_log:info:30]Unable to connect to memcahced: {error,{badmatch,{error,econnrefused}}}.
[couchdb:error,2025-03-28T09:10:34.866Z,couchdb_ns_1@cb.local:couch_audit<0.310.0>:couch_log:error:33]Error in sending log messsage to memcached Reason: no_socket
[couchdb:info,2025-03-28T09:10:36.887Z,couchdb_ns_1@cb.local:couch_audit<0.310.0>:couch_log:info:30]Unable to connect to memcahced: {error,{badmatch,{error,econnrefused}}}.
[couchdb:error,2025-03-28T09:10:36.887Z,couchdb_ns_1@cb.local:couch_audit<0.310.0>:couch_log:error:33]Error in sending log messsage to memcached Reason: no_socket
[couchdb:info,2025-03-28T09:11:21.287Z,couchdb_ns_1@cb.local:couch_audit<0.314.0>:couch_log:info:30]Couch audit settings changed <ud>[{audit_enabled,false},{disabled_users,[]},{enabled_events,[]}]</ud>
[couchdb:info,2025-03-28T09:11:22.402Z,couchdb_ns_1@cb.local:couch_audit<0.314.0>:couch_log:info:30]Unable to connect to memcahced: {error,{badmatch,{error,econnrefused}}}.
[couchdb:error,2025-03-28T09:11:22.402Z,couchdb_ns_1@cb.local:couch_audit<0.314.0>:couch_log:error:33]Error in sending log messsage to memcached Reason: no_socket
[couchdb:info,2025-03-28T09:11:24.443Z,couchdb_ns_1@cb.local:couch_audit<0.314.0>:couch_log:info:30]Unable to connect to memcahced: {error,{badmatch,{error,econnrefused}}}.
[couchdb:error,2025-03-28T09:11:24.445Z,couchdb_ns_1@cb.local:couch_audit<0.314.0>:couch_log:error:33]Error in sending log messsage to memcached Reason: no_socket
[couchdb:info,2025-03-28T09:11:26.472Z,couchdb_ns_1@cb.local:couch_audit<0.314.0>:couch_log:info:30]Unable to connect to memcahced: {error,{badmatch,{error,econnrefused}}}.
[couchdb:error,2025-03-28T09:11:26.472Z,couchdb_ns_1@cb.local:couch_audit<0.314.0>:couch_log:error:33]Error in sending log messsage to memcached Reason: no_socket
[couchdb:info,2025-03-28T09:12:08.163Z,couchdb_ns_1@cb.local:couch_audit<0.322.0>:couch_log:info:30]Couch audit settings changed <ud>[{audit_enabled,false},{disabled_users,[]},{enabled_events,[]}]</ud>
[couchdb:info,2025-03-28T09:12:09.217Z,couchdb_ns_1@cb.local:couch_audit<0.322.0>:couch_log:info:30]Unable to connect to memcahced: {error,{badmatch,{error,econnrefused}}}.
[couchdb:error,2025-03-28T09:12:09.217Z,couchdb_ns_1@cb.local:couch_audit<0.322.0>:couch_log:error:33]Error in sending log messsage to memcached Reason: no_socket
[couchdb:info,2025-03-28T09:12:11.230Z,couchdb_ns_1@cb.local:couch_audit<0.322.0>:couch_log:info:30]Unable to connect to memcahced: {error,{badmatch,{error,econnrefused}}}.
[couchdb:error,2025-03-28T09:12:11.230Z,couchdb_ns_1@cb.local:couch_audit<0.322.0>:couch_log:error:33]Error in sending log messsage to memcached Reason: no_socket
[couchdb:info,2025-03-28T09:12:43.822Z,couchdb_ns_1@cb.local:couch_audit<0.312.0>:couch_log:info:30]Couch audit settings changed <ud>[{audit_enabled,false},{disabled_users,[]},{enabled_events,[]}]</ud>
[couchdb:info,2025-03-28T09:12:44.867Z,couchdb_ns_1@cb.local:couch_audit<0.312.0>:couch_log:info:30]Unable to connect to memcahced: {error,{badmatch,{error,econnrefused}}}.
[couchdb:error,2025-03-28T09:12:44.867Z,couchdb_ns_1@cb.local:couch_audit<0.312.0>:couch_log:error:33]Error in sending log messsage to memcached Reason: no_socket
[couchdb:info,2025-03-28T09:12:46.872Z,couchdb_ns_1@cb.local:couch_audit<0.312.0>:couch_log:info:30]Unable to connect to memcahced: {error,{badmatch,{error,econnrefused}}}.
[couchdb:error,2025-03-28T09:12:46.872Z,couchdb_ns_1@cb.local:couch_audit<0.312.0>:couch_log:error:33]Error in sending log messsage to memcached Reason: no_socket
[couchdb:info,2025-03-28T09:13:35.520Z,couchdb_ns_1@cb.local:couch_audit<0.308.0>:couch_log:info:30]Couch audit settings changed <ud>[{audit_enabled,false},{disabled_users,[]},{enabled_events,[]}]</ud>
[couchdb:info,2025-03-28T09:13:36.570Z,couchdb_ns_1@cb.local:couch_audit<0.308.0>:couch_log:info:30]Unable to connect to memcahced: {error,{badmatch,{error,econnrefused}}}.
[couchdb:error,2025-03-28T09:13:36.570Z,couchdb_ns_1@cb.local:couch_audit<0.308.0>:couch_log:error:33]Error in sending log messsage to memcached Reason: no_socket
[couchdb:info,2025-03-28T09:13:38.575Z,couchdb_ns_1@cb.local:couch_audit<0.308.0>:couch_log:info:30]Unable to connect to memcahced: {error,{badmatch,{error,econnrefused}}}.
[couchdb:error,2025-03-28T09:13:38.575Z,couchdb_ns_1@cb.local:couch_audit<0.308.0>:couch_log:error:33]Error in sending log messsage to memcached Reason: no_socket
[couchdb:info,2025-03-28T09:14:54.079Z,couchdb_ns_1@cb.local:couch_audit<0.310.0>:couch_log:info:30]Couch audit settings changed <ud>[{audit_enabled,false},{disabled_users,[]},{enabled_events,[]}]</ud>
[couchdb:info,2025-03-28T09:14:55.129Z,couchdb_ns_1@cb.local:couch_audit<0.310.0>:couch_log:info:30]Unable to connect to memcahced: {error,{badmatch,{error,econnrefused}}}.
[couchdb:error,2025-03-28T09:14:55.129Z,couchdb_ns_1@cb.local:couch_audit<0.310.0>:couch_log:error:33]Error in sending log messsage to memcached Reason: no_socket
[couchdb:info,2025-03-28T09:14:57.179Z,couchdb_ns_1@cb.local:couch_audit<0.310.0>:couch_log:info:30]Unable to connect to memcahced: {error,{badmatch,{error,econnrefused}}}.
[couchdb:error,2025-03-28T09:14:57.180Z,couchdb_ns_1@cb.local:couch_audit<0.310.0>:couch_log:error:33]Error in sending log messsage to memcached Reason: no_socket
[couchdb:info,2025-03-28T09:14:59.198Z,couchdb_ns_1@cb.local:couch_audit<0.310.0>:couch_log:info:30]Unable to connect to memcahced: {error,{badmatch,{error,econnrefused}}}.
[couchdb:error,2025-03-28T09:14:59.198Z,couchdb_ns_1@cb.local:couch_audit<0.310.0>:couch_log:error:33]Error in sending log messsage to memcached Reason: no_socket
[couchdb:info,2025-03-28T09:15:44.362Z,couchdb_ns_1@cb.local:couch_audit<0.300.0>:couch_log:info:30]Couch audit settings changed <ud>[{audit_enabled,false},{disabled_users,[]},{enabled_events,[]}]</ud>
[couchdb:info,2025-03-28T09:15:45.440Z,couchdb_ns_1@cb.local:couch_audit<0.300.0>:couch_log:info:30]Unable to connect to memcahced: {error,{badmatch,{error,econnrefused}}}.
[couchdb:error,2025-03-28T09:15:45.441Z,couchdb_ns_1@cb.local:couch_audit<0.300.0>:couch_log:error:33]Error in sending log messsage to memcached Reason: no_socket
[couchdb:info,2025-03-28T09:15:47.452Z,couchdb_ns_1@cb.local:couch_audit<0.300.0>:couch_log:info:30]Unable to connect to memcahced: {error,{badmatch,{error,econnrefused}}}.
[couchdb:error,2025-03-28T09:15:47.452Z,couchdb_ns_1@cb.local:couch_audit<0.300.0>:couch_log:error:33]Error in sending log messsage to memcached Reason: no_socket
[couchdb:info,2025-03-28T09:16:22.738Z,couchdb_ns_1@cb.local:couch_audit<0.304.0>:couch_log:info:30]Couch audit settings changed <ud>[{audit_enabled,false},{disabled_users,[]},{enabled_events,[]}]</ud>
[couchdb:info,2025-03-28T09:16:23.790Z,couchdb_ns_1@cb.local:couch_audit<0.304.0>:couch_log:info:30]Unable to connect to memcahced: {error,{badmatch,{error,econnrefused}}}.
[couchdb:error,2025-03-28T09:16:23.791Z,couchdb_ns_1@cb.local:couch_audit<0.304.0>:couch_log:error:33]Error in sending log messsage to memcached Reason: no_socket
[couchdb:info,2025-03-28T09:16:25.795Z,couchdb_ns_1@cb.local:couch_audit<0.304.0>:couch_log:info:30]Unable to connect to memcahced: {error,{badmatch,{error,econnrefused}}}.
[couchdb:error,2025-03-28T09:16:25.796Z,couchdb_ns_1@cb.local:couch_audit<0.304.0>:couch_log:error:33]Error in sending log messsage to memcached Reason: no_socket
[couchdb:info,2025-03-28T09:17:06.069Z,couchdb_ns_1@cb.local:couch_audit<0.312.0>:couch_log:info:30]Couch audit settings changed <ud>[{audit_enabled,false},{disabled_users,[]},{enabled_events,[]}]</ud>
[couchdb:info,2025-03-28T09:17:07.145Z,couchdb_ns_1@cb.local:couch_audit<0.312.0>:couch_log:info:30]Unable to connect to memcahced: {error,{badmatch,{error,econnrefused}}}.
[couchdb:error,2025-03-28T09:17:07.146Z,couchdb_ns_1@cb.local:couch_audit<0.312.0>:couch_log:error:33]Error in sending log messsage to memcached Reason: no_socket
[couchdb:info,2025-03-28T09:17:09.150Z,couchdb_ns_1@cb.local:couch_audit<0.312.0>:couch_log:info:30]Unable to connect to memcahced: {error,{badmatch,{error,econnrefused}}}.
[couchdb:error,2025-03-28T09:17:09.150Z,couchdb_ns_1@cb.local:couch_audit<0.312.0>:couch_log:error:33]Error in sending log messsage to memcached Reason: no_socket
