[json_rpc:debug,2025-03-28T10:13:38.506Z,ns_1@cb.local:json_rpc_connection-saslauthd-saslauthd-port<0.1051.0>:json_rpc_connection:start_call:181]sending jsonrpc call:{[{jsonrpc,<<"2.0">>},
                       {id,0},
                       {method,<<"revrpc.UpdateURL">>},
                       {params,[{[{newURL,"<sanitized>"}]}]}]}
[json_rpc:debug,2025-03-28T10:13:38.506Z,ns_1@cb.local:json_rpc_connection-goxdcr-cbauth<0.1052.0>:json_rpc_connection:start_call:181]sending jsonrpc call:{[{jsonrpc,<<"2.0">>},
                       {id,0},
                       {method,<<"revrpc.UpdateURL">>},
                       {params,[{[{newURL,"<sanitized>"}]}]}]}
[json_rpc:debug,2025-03-28T10:13:38.509Z,ns_1@cb.local:json_rpc_connection-saslauthd-saslauthd-port<0.1051.0>:json_rpc_connection:handle_info:107]got response: [{<<"id">>,0},
               {<<"result">>,{[{<<"isSucc">>,true},{<<"description">>,<<>>}]}},
               {<<"error">>,null}]
[json_rpc:debug,2025-03-28T10:13:38.510Z,ns_1@cb.local:json_rpc_connection-goxdcr-cbauth<0.1052.0>:json_rpc_connection:handle_info:107]got response: [{<<"id">>,0},
               {<<"result">>,{[{<<"isSucc">>,true},{<<"description">>,<<>>}]}},
               {<<"error">>,null}]
[json_rpc:debug,2025-03-28T10:13:38.519Z,ns_1@cb.local:json_rpc_connection-goxdcr-cbauth<0.1052.0>:json_rpc_connection:start_call:181]sending jsonrpc call:{[{jsonrpc,<<"2.0">>},
                       {id,1},
                       {method,<<"AuthCacheSvc.UpdateDB">>},
                       {params,
                        [{[{specialUser,<<"@goxdcr">>},
                           {nodes,
                            [{[{host,<<"127.0.0.1">>},
                               {user,<<"@goxdcr">>},
                               {password,"*****"},
                               {ports,
                                [8091,18091,11210,11207,9999,9999,8092,18092]},
                               {local,true}]}]},
                           {tlsConfig,{[{present,false}]}},
                           {cacheConfig,
                            {[{uuidCacheSize,256},
                              {userBktsCacheSize,1024},
                              {upCacheSize,1024},
                              {authCacheSize,256},
                              {clientCertCacheSize,256}]}},
                           {guardrailStatuses,[]},
                           {authCheckURL,<<"http://127.0.0.1:8091/_cbauth">>},
                           {permissionCheckURL,
                            <<"http://127.0.0.1:8091/_cbauth/checkPermission">>},
                           {permissionsVersion,
                            <<"llTXvnRzkr9RdcFixyig+XYj8IY=">>},
                           {uuidCheckURL,
                            <<"http://127.0.0.1:8091/_cbauth/getUserUuid">>},
                           {userBucketsURL,
                            <<"http://127.0.0.1:8091/_cbauth/getUserBuckets">>},
                           {userVersion,<<"6BwA75OFJYWfseitOz9F0FiKnfQ=">>},
                           {authVersion,<<"aOPpKHK+bgLeU7f15/6i5HCBkUk=">>},
                           {certVersion,3085071933},
                           {clientCertVersion,2879750994},
                           {extractUserFromCertURL,
                            <<"http://127.0.0.1:8091/_cbauth/extractUserFromCert">>},
                           {clientCertAuthState,<<"disable">>},
                           {clientCertAuthVersion,
                            <<"cAN8XSFAtQ98DdNbAKta8iJSRpw=">>},
                           {clusterEncryptionConfig,
                            {[{encryptData,false},
                              {disableNonSSLPorts,false}]}},
                           {specialPasswords,"*****"}]}]}]}
[json_rpc:debug,2025-03-28T10:13:38.520Z,ns_1@cb.local:json_rpc_connection-goxdcr-cbauth<0.1052.0>:json_rpc_connection:handle_info:107]got response: [{<<"id">>,1},{<<"result">>,true},{<<"error">>,null}]
